Arguments: 
  C:\Program Files\nodejs\node.exe C:\Users\Akinwumi Kayode\AppData\Roaming\npm\node_modules\yarn\bin\yarn.js add express, axios

PATH: 
  C:\Users\Akinwumi Kayode\bin;C:\Program Files\Git\mingw64\bin;C:\Program Files\Git\usr\local\bin;C:\Program Files\Git\usr\bin;C:\Program Files\Git\usr\bin;C:\Program Files\Git\mingw64\bin;C:\Program Files\Git\usr\bin;C:\Users\Akinwumi Kayode\bin;C:\Program Files\Common Files\Oracle\Java\javapath;C:\WINDOWS\system32;C:\WINDOWS;C:\WINDOWS\System32\Wbem;C:\WINDOWS\System32\WindowsPowerShell\v1.0;C:\WINDOWS\System32\OpenSSH;C:\Program Files\Java\jdk-14\bin;C:\Program Files\Git\cmd;C:\Program Files (x86)\Bitvise SSH Client;C:\Program Files (x86)\Java\version8\bin;C:\Program Files\SQL Anywhere 17\bin64;C:\Program Files\SQL Anywhere 17\bin32;C:\Users\Akinwumi Kayode\AppData\Local\Android\sdk\platform-tools;C:\msys64\mingw64\bin;C:\ProgramData\chocolatey\bin;C:\xampp\php;C:\ProgramData\ComposerSetup\bin;C:\Program Files\SourceGear\Common\DiffMerge;C:\Program Files\apache-maven-3.8.3\bin;C:\Program Files\dotnet;C:\Program Files\nodejs;C:\Users\Akinwumi Kayode\AppData\Local\Microsoft\WindowsApps;C:\Users\Akinwumi Kayode\AppData\Local\Programs\Microsoft VS Code\bin;C:\Program Files\Java\jdk-14\bin;C:\Users\Akinwumi Kayode\AppData\Local\GitHubDesktop\bin;C:\Program Files\JetBrains\IntelliJ IDEA 2021.1\bin;C:\Program Files\JetBrains\IntelliJ IDEA Community Edition 2021.1.3\bin;C:\Users\Akinwumi Kayode\AppData\Local\Android\Sdk\platform-tools;C:\Users\Akinwumi Kayode\AppData\Roaming\Composer\vendor\bin;C:\Program Files\apache-maven-3.8.3\bin;C:\Users\Akinwumi Kayode\.dotnet\tools;C:\Users\Akinwumi Kayode\AppData\Roaming\npm;C:\Program Files\Git\usr\bin\vendor_perl;C:\Program Files\Git\usr\bin\core_perl

Yarn version: 
  1.22.17

Node version: 
  16.14.0

Platform: 
  win32 x64

Trace: 
  Error: https://registry.yarnpkg.com/express,: Not found
      at Request.params.callback [as _callback] (C:\Users\Akinwumi Kayode\AppData\Roaming\npm\node_modules\yarn\lib\cli.js:67029:18)
      at Request.self.callback (C:\Users\Akinwumi Kayode\AppData\Roaming\npm\node_modules\yarn\lib\cli.js:140883:22)
      at Request.emit (node:events:520:28)
      at Request.<anonymous> (C:\Users\Akinwumi Kayode\AppData\Roaming\npm\node_modules\yarn\lib\cli.js:141855:10)
      at Request.emit (node:events:520:28)
      at IncomingMessage.<anonymous> (C:\Users\Akinwumi Kayode\AppData\Roaming\npm\node_modules\yarn\lib\cli.js:141777:12)
      at Object.onceWrapper (node:events:639:28)
      at IncomingMessage.emit (node:events:532:35)
      at endReadableNT (node:internal/streams/readable:1346:12)
      at processTicksAndRejections (node:internal/process/task_queues:83:21)

npm manifest: 
  {
    "name": "chatting-scervive-node",
    "version": "1.0.0",
    "description": "A simple message chat api using nodejs",
    "main": "index.js",
    "scripts": {
      "test": "echo \"Error: no test specified\" && exit 1"
    },
    "repository": {
      "type": "git",
      "url": "git+https://github.com/kaynetpc/chatting-scervive-node.git"
    },
    "keywords": [],
    "author": "",
    "license": "ISC",
    "bugs": {
      "url": "https://github.com/kaynetpc/chatting-scervive-node/issues"
    },
    "homepage": "https://github.com/kaynetpc/chatting-scervive-node#readme",
    "devDependencies": {
      "typescript": "^4.6.4"
    }
  }

yarn manifest: 
  No manifest

Lockfile: 
  No lockfile
